Determining if the pthread_create exist failed with the following output:
Change Dir: /home/rafael/dev/sir/TL-Approf.-BCI/ros_ws/build/CMakeFiles/CMakeTmp

Run Build Command:"/usr/bin/make" "cmTC_d8fed/fast"
/usr/bin/make -f CMakeFiles/cmTC_d8fed.dir/build.make CMakeFiles/cmTC_d8fed.dir/build
make[1]: Entering directory '/home/rafael/dev/sir/TL-Approf.-BCI/ros_ws/build/CMakeFiles/CMakeTmp'
Building C object CMakeFiles/cmTC_d8fed.dir/CheckSymbolExists.c.o
/usr/bin/cc     -o CMakeFiles/cmTC_d8fed.dir/CheckSymbolExists.c.o   -c /home/rafael/dev/sir/TL-Approf.-BCI/ros_ws/build/CMakeFiles/CMakeTmp/CheckSymbolExists.c
Linking C executable cmTC_d8fed
/usr/bin/cmake -E cmake_link_script CMakeFiles/cmTC_d8fed.dir/link.txt --verbose=1
/usr/bin/cc       CMakeFiles/cmTC_d8fed.dir/CheckSymbolExists.c.o  -o cmTC_d8fed -rdynamic 
CMakeFiles/cmTC_d8fed.dir/CheckSymbolExists.c.o: In function `main':
CheckSymbolExists.c:(.text+0x16): undefined reference to `pthread_create'
collect2: error: ld returned 1 exit status
CMakeFiles/cmTC_d8fed.dir/build.make:97: recipe for target 'cmTC_d8fed' failed
make[1]: *** [cmTC_d8fed] Error 1
make[1]: Leaving directory '/home/rafael/dev/sir/TL-Approf.-BCI/ros_ws/build/CMakeFiles/CMakeTmp'
Makefile:126: recipe for target 'cmTC_d8fed/fast' failed
make: *** [cmTC_d8fed/fast] Error 2

File /home/rafael/dev/sir/TL-Approf.-BCI/ros_ws/build/CMakeFiles/CMakeTmp/CheckSymbolExists.c:
/* */
#include <pthread.h>

int main(int argc, char** argv)
{
  (void)argv;
#ifndef pthread_create
  return ((int*)(&pthread_create))[argc];
#else
  (void)argc;
  return 0;
#endif
}

Determining if the function pthread_create exists in the pthreads failed with the following output:
Change Dir: /home/rafael/dev/sir/TL-Approf.-BCI/ros_ws/build/CMakeFiles/CMakeTmp

Run Build Command:"/usr/bin/make" "cmTC_1b800/fast"
/usr/bin/make -f CMakeFiles/cmTC_1b800.dir/build.make CMakeFiles/cmTC_1b800.dir/build
make[1]: Entering directory '/home/rafael/dev/sir/TL-Approf.-BCI/ros_ws/build/CMakeFiles/CMakeTmp'
Building C object CMakeFiles/cmTC_1b800.dir/CheckFunctionExists.c.o
/usr/bin/cc    -DCHECK_FUNCTION_EXISTS=pthread_create   -o CMakeFiles/cmTC_1b800.dir/CheckFunctionExists.c.o   -c /usr/share/cmake-3.5/Modules/CheckFunctionExists.c
Linking C executable cmTC_1b800
/usr/bin/cmake -E cmake_link_script CMakeFiles/cmTC_1b800.dir/link.txt --verbose=1
/usr/bin/cc   -DCHECK_FUNCTION_EXISTS=pthread_create    CMakeFiles/cmTC_1b800.dir/CheckFunctionExists.c.o  -o cmTC_1b800 -rdynamic -lpthreads 
/usr/bin/ld: cannot find -lpthreads
collect2: error: ld returned 1 exit status
CMakeFiles/cmTC_1b800.dir/build.make:97: recipe for target 'cmTC_1b800' failed
make[1]: *** [cmTC_1b800] Error 1
make[1]: Leaving directory '/home/rafael/dev/sir/TL-Approf.-BCI/ros_ws/build/CMakeFiles/CMakeTmp'
Makefile:126: recipe for target 'cmTC_1b800/fast' failed
make: *** [cmTC_1b800/fast] Error 2


